# JRE version: OpenJDK Runtime Environment (8.0_275-b01) (build 1.8.0_275-b01)
# Java VM: OpenJDK 64-Bit Server VM (25.275-b01 mixed mode windows-amd64 compressed oops)
Heap:
 PSYoungGen      total 241152K, used 14685K [0x0000000775780000, 0x0000000785800000, 0x00000007c0000000)
  eden space 220160K, 6% used [0x0000000775780000,0x00000007765d7720,0x0000000782e80000)
  from space 20992K, 0% used [0x0000000782f00000,0x0000000782f00000,0x0000000784380000)
  to   space 16384K, 0% used [0x0000000784800000,0x0000000784800000,0x0000000785800000)
 ParOldGen       total 129536K, used 30297K [0x00000006e0600000, 0x00000006e8480000, 0x0000000775780000)
  object space 129536K, 23% used [0x00000006e0600000,0x00000006e23964a0,0x00000006e8480000)
 Metaspace       used 55461K, capacity 59060K, committed 59288K, reserved 1101824K
  class space    used 7167K, capacity 7766K, committed 7856K, reserved 1048576K
GC Heap History (24 events):
Event: 1.921 GC heap before
{Heap before GC invocations=1 (full 0):
 PSYoungGen      total 67072K, used 57856K [0x0000000775780000, 0x000000077a200000, 0x00000007c0000000)
  eden space 57856K, 100% used [0x0000000775780000,0x0000000779000000,0x0000000779000000)
  from space 9216K, 0% used [0x0000000779900000,0x0000000779900000,0x000000077a200000)
  to   space 9216K, 0% used [0x0000000779000000,0x0000000779000000,0x0000000779900000)
 ParOldGen       total 153088K, used 0K [0x00000006e0600000, 0x00000006e9b80000, 0x0000000775780000)
  object space 153088K, 0% used [0x00000006e0600000,0x00000006e0600000,0x00000006e9b80000)
 Metaspace       used 13367K, capacity 13806K, committed 13952K, reserved 1060864K
  class space    used 1545K, capacity 1643K, committed 1664K, reserved 1048576K
Event: 1.927 GC heap after
Heap after GC invocations=1 (full 0):
 PSYoungGen      total 67072K, used 7297K [0x0000000775780000, 0x000000077a200000, 0x00000007c0000000)
  eden space 57856K, 0% used [0x0000000775780000,0x0000000775780000,0x0000000779000000)
  from space 9216K, 79% used [0x0000000779000000,0x00000007797207a0,0x0000000779900000)
  to   space 9216K, 0% used [0x0000000779900000,0x0000000779900000,0x000000077a200000)
 ParOldGen       total 153088K, used 80K [0x00000006e0600000, 0x00000006e9b80000, 0x0000000775780000)
  object space 153088K, 0% used [0x00000006e0600000,0x00000006e0614010,0x00000006e9b80000)
 Metaspace       used 13367K, capacity 13806K, committed 13952K, reserved 1060864K
  class space    used 1545K, capacity 1643K, committed 1664K, reserved 1048576K
}
Event: 2.662 GC heap before
{Heap before GC invocations=2 (full 0):
 PSYoungGen      total 67072K, used 65153K [0x0000000775780000, 0x000000077a200000, 0x00000007c0000000)
  eden space 57856K, 100% used [0x0000000775780000,0x0000000779000000,0x0000000779000000)
  from space 9216K, 79% used [0x0000000779000000,0x00000007797207a0,0x0000000779900000)
  to   space 9216K, 0% used [0x0000000779900000,0x0000000779900000,0x000000077a200000)
 ParOldGen       total 153088K, used 80K [0x00000006e0600000, 0x00000006e9b80000, 0x0000000775780000)
  object space 153088K, 0% used [0x00000006e0600000,0x00000006e0614010,0x00000006e9b80000)
 Metaspace       used 18973K, capacity 19520K, committed 19840K, reserved 1067008K
  class space    used 2241K, capacity 2384K, committed 2432K, reserved 1048576K
Event: 2.674 GC heap after
Heap after GC invocations=2 (full 0):
 PSYoungGen      total 67072K, used 9100K [0x0000000775780000, 0x000000077a200000, 0x00000007c0000000)
  eden space 57856K, 0% used [0x0000000775780000,0x0000000775780000,0x0000000779000000)
  from space 9216K, 98% used [0x0000000779900000,0x000000077a1e31e0,0x000000077a200000)
  to   space 9216K, 0% used [0x0000000779000000,0x0000000779000000,0x0000000779900000)
 ParOldGen       total 153088K, used 88K [0x00000006e0600000, 0x00000006e9b80000, 0x0000000775780000)
  object space 153088K, 0% used [0x00000006e0600000,0x00000006e0616010,0x00000006e9b80000)
 Metaspace       used 18973K, capacity 19520K, committed 19840K, reserved 1067008K
  class space    used 2241K, capacity 2384K, committed 2432K, reserved 1048576K
}
Event: 2.864 GC heap before
{Heap before GC invocations=3 (full 0):
 PSYoungGen      total 67072K, used 27929K [0x0000000775780000, 0x000000077a200000, 0x00000007c0000000)
  eden space 57856K, 32% used [0x0000000775780000,0x00000007769e34e8,0x0000000779000000)
  from space 9216K, 98% used [0x0000000779900000,0x000000077a1e31e0,0x000000077a200000)
  to   space 9216K, 0% used [0x0000000779000000,0x0000000779000000,0x0000000779900000)
 ParOldGen       total 153088K, used 88K [0x00000006e0600000, 0x00000006e9b80000, 0x0000000775780000)
  object space 153088K, 0% used [0x00000006e0600000,0x00000006e0616010,0x00000006e9b80000)
 Metaspace       used 20603K, capacity 21184K, committed 21296K, reserved 1069056K
  class space    used 2430K, capacity 2576K, committed 2608K, reserved 1048576K
Event: 2.876 GC heap after
Heap after GC invocations=3 (full 0):
 PSYoungGen      total 67072K, used 6613K [0x0000000775780000, 0x000000077da80000, 0x00000007c0000000)
  eden space 57856K, 0% used [0x0000000775780000,0x0000000775780000,0x0000000779000000)
  from space 9216K, 71% used [0x0000000779000000,0x0000000779675710,0x0000000779900000)
  to   space 9216K, 0% used [0x000000077d180000,0x000000077d180000,0x000000077da80000)
 ParOldGen       total 153088K, used 96K [0x00000006e0600000, 0x00000006e9b80000, 0x0000000775780000)
  object space 153088K, 0% used [0x00000006e0600000,0x00000006e0618010,0x00000006e9b80000)
 Metaspace       used 20603K, capacity 21184K, committed 21296K, reserved 1069056K
  class space    used 2430K, capacity 2576K, committed 2608K, reserved 1048576K
}
Event: 2.876 GC heap before
{Heap before GC invocations=4 (full 1):
 PSYoungGen      total 67072K, used 6613K [0x0000000775780000, 0x000000077da80000, 0x00000007c0000000)
  eden space 57856K, 0% used [0x0000000775780000,0x0000000775780000,0x0000000779000000)
  from space 9216K, 71% used [0x0000000779000000,0x0000000779675710,0x0000000779900000)
  to   space 9216K, 0% used [0x000000077d180000,0x000000077d180000,0x000000077da80000)
 ParOldGen       total 153088K, used 96K [0x00000006e0600000, 0x00000006e9b80000, 0x0000000775780000)
  object space 153088K, 0% used [0x00000006e0600000,0x00000006e0618010,0x00000006e9b80000)
 Metaspace       used 20603K, capacity 21184K, committed 21296K, reserved 1069056K
  class space    used 2430K, capacity 2576K, committed 2608K, reserved 1048576K
Event: 2.912 GC heap after
Heap after GC invocations=4 (full 1):
 PSYoungGen      total 67072K, used 0K [0x0000000775780000, 0x000000077da80000, 0x00000007c0000000)
  eden space 57856K, 0% used [0x0000000775780000,0x0000000775780000,0x0000000779000000)
  from space 9216K, 0% used [0x0000000779000000,0x0000000779000000,0x0000000779900000)
  to   space 9216K, 0% used [0x000000077d180000,0x000000077d180000,0x000000077da80000)
 ParOldGen       total 82944K, used 6426K [0x00000006e0600000, 0x00000006e5700000, 0x0000000775780000)
  object space 82944K, 7% used [0x00000006e0600000,0x00000006e0c46a98,0x00000006e5700000)
 Metaspace       used 20603K, capacity 21184K, committed 21296K, reserved 1069056K
  class space    used 2430K, capacity 2576K, committed 2608K, reserved 1048576K
}
Event: 4.374 GC heap before
{Heap before GC invocations=5 (full 1):
 PSYoungGen      total 67072K, used 57856K [0x0000000775780000, 0x000000077da80000, 0x00000007c0000000)
  eden space 57856K, 100% used [0x0000000775780000,0x0000000779000000,0x0000000779000000)
  from space 9216K, 0% used [0x0000000779000000,0x0000000779000000,0x0000000779900000)
  to   space 9216K, 0% used [0x000000077d180000,0x000000077d180000,0x000000077da80000)
 ParOldGen       total 82944K, used 6426K [0x00000006e0600000, 0x00000006e5700000, 0x0000000775780000)
  object space 82944K, 7% used [0x00000006e0600000,0x00000006e0c46a98,0x00000006e5700000)
 Metaspace       used 24196K, capacity 24992K, committed 25136K, reserved 1071104K
  class space    used 2879K, capacity 3074K, committed 3120K, reserved 1048576K
Event: 4.379 GC heap after
Heap after GC invocations=5 (full 1):
 PSYoungGen      total 100864K, used 6000K [0x0000000775780000, 0x000000077d780000, 0x00000007c0000000)
  eden space 94720K, 0% used [0x0000000775780000,0x0000000775780000,0x000000077b400000)
  from space 6144K, 97% used [0x000000077d180000,0x000000077d75c2a0,0x000000077d780000)
  to   space 9216K, 0% used [0x000000077c580000,0x000000077c580000,0x000000077ce80000)
 ParOldGen       total 82944K, used 6434K [0x00000006e0600000, 0x00000006e5700000, 0x0000000775780000)
  object space 82944K, 7% used [0x00000006e0600000,0x00000006e0c48a98,0x00000006e5700000)
 Metaspace       used 24196K, capacity 24992K, committed 25136K, reserved 1071104K
  class space    used 2879K, capacity 3074K, committed 3120K, reserved 1048576K
}
Event: 5.404 GC heap before
{Heap before GC invocations=6 (full 1):
 PSYoungGen      total 100864K, used 100720K [0x0000000775780000, 0x000000077d780000, 0x00000007c0000000)
  eden space 94720K, 100% used [0x0000000775780000,0x000000077b400000,0x000000077b400000)
  from space 6144K, 97% used [0x000000077d180000,0x000000077d75c2a0,0x000000077d780000)
  to   space 9216K, 0% used [0x000000077c580000,0x000000077c580000,0x000000077ce80000)
 ParOldGen       total 82944K, used 6434K [0x00000006e0600000, 0x00000006e5700000, 0x0000000775780000)
  object space 82944K, 7% used [0x00000006e0600000,0x00000006e0c48a98,0x00000006e5700000)
 Metaspace       used 27034K, capacity 28042K, committed 28080K, reserved 1073152K
  class space    used 3252K, capacity 3467K, committed 3504K, reserved 1048576K
Event: 5.415 GC heap after
Heap after GC invocations=6 (full 1):
 PSYoungGen      total 121856K, used 9211K [0x0000000775780000, 0x0000000780180000, 0x00000007c0000000)
  eden space 112640K, 0% used [0x0000000775780000,0x0000000775780000,0x000000077c580000)
  from space 9216K, 99% used [0x000000077c580000,0x000000077ce7ecb8,0x000000077ce80000)
  to   space 11264K, 0% used [0x000000077f680000,0x000000077f680000,0x0000000780180000)
 ParOldGen       total 82944K, used 7518K [0x00000006e0600000, 0x00000006e5700000, 0x0000000775780000)
  object space 82944K, 9% used [0x00000006e0600000,0x00000006e0d57958,0x00000006e5700000)
 Metaspace       used 27034K, capacity 28042K, committed 28080K, reserved 1073152K
  class space    used 3252K, capacity 3467K, committed 3504K, reserved 1048576K
}
Event: 8.027 GC heap before
{Heap before GC invocations=7 (full 1):
 PSYoungGen      total 121856K, used 110612K [0x0000000775780000, 0x0000000780180000, 0x00000007c0000000)
  eden space 112640K, 90% used [0x0000000775780000,0x000000077ba864d8,0x000000077c580000)
  from space 9216K, 99% used [0x000000077c580000,0x000000077ce7ecb8,0x000000077ce80000)
  to   space 11264K, 0% used [0x000000077f680000,0x000000077f680000,0x0000000780180000)
 ParOldGen       total 82944K, used 7518K [0x00000006e0600000, 0x00000006e5700000, 0x0000000775780000)
  object space 82944K, 9% used [0x00000006e0600000,0x00000006e0d57958,0x00000006e5700000)
 Metaspace       used 33632K, capacity 35374K, committed 35496K, reserved 1081344K
  class space    used 4202K, capacity 4507K, committed 4528K, reserved 1048576K
Event: 8.039 GC heap after
Heap after GC invocations=7 (full 1):
 PSYoungGen      total 159232K, used 11256K [0x0000000775780000, 0x0000000781f00000, 0x00000007c0000000)
  eden space 147968K, 0% used [0x0000000775780000,0x0000000775780000,0x000000077e800000)
  from space 11264K, 99% used [0x000000077f680000,0x000000078017e358,0x0000000780180000)
  to   space 14848K, 0% used [0x000000077e800000,0x000000077e800000,0x000000077f680000)
 ParOldGen       total 82944K, used 10578K [0x00000006e0600000, 0x00000006e5700000, 0x0000000775780000)
  object space 82944K, 12% used [0x00000006e0600000,0x00000006e1054868,0x00000006e5700000)
 Metaspace       used 33632K, capacity 35374K, committed 35496K, reserved 1081344K
  class space    used 4202K, capacity 4507K, committed 4528K, reserved 1048576K
}
Event: 8.039 GC heap before
{Heap before GC invocations=8 (full 2):
 PSYoungGen      total 159232K, used 11256K [0x0000000775780000, 0x0000000781f00000, 0x00000007c0000000)
  eden space 147968K, 0% used [0x0000000775780000,0x0000000775780000,0x000000077e800000)
  from space 11264K, 99% used [0x000000077f680000,0x000000078017e358,0x0000000780180000)
  to   space 14848K, 0% used [0x000000077e800000,0x000000077e800000,0x000000077f680000)
 ParOldGen       total 82944K, used 10578K [0x00000006e0600000, 0x00000006e5700000, 0x0000000775780000)
  object space 82944K, 12% used [0x00000006e0600000,0x00000006e1054868,0x00000006e5700000)
 Metaspace       used 33632K, capacity 35374K, committed 35496K, reserved 1081344K
  class space    used 4202K, capacity 4507K, committed 4528K, reserved 1048576K
Event: 8.085 GC heap after
Heap after GC invocations=8 (full 2):
 PSYoungGen      total 159232K, used 0K [0x0000000775780000, 0x0000000781f00000, 0x00000007c0000000)
  eden space 147968K, 0% used [0x0000000775780000,0x0000000775780000,0x000000077e800000)
  from space 11264K, 0% used [0x000000077f680000,0x000000077f680000,0x0000000780180000)
  to   space 14848K, 0% used [0x000000077e800000,0x000000077e800000,0x000000077f680000)
 ParOldGen       total 129536K, used 18928K [0x00000006e0600000, 0x00000006e8480000, 0x0000000775780000)
  object space 129536K, 14% used [0x00000006e0600000,0x00000006e187c3b0,0x00000006e8480000)
 Metaspace       used 33632K, capacity 35374K, committed 35496K, reserved 1081344K
  class space    used 4202K, capacity 4507K, committed 4528K, reserved 1048576K
}
Event: 10.006 GC heap before
{Heap before GC invocations=9 (full 2):
 PSYoungGen      total 159232K, used 147968K [0x0000000775780000, 0x0000000781f00000, 0x00000007c0000000)
  eden space 147968K, 100% used [0x0000000775780000,0x000000077e800000,0x000000077e800000)
  from space 11264K, 0% used [0x000000077f680000,0x000000077f680000,0x0000000780180000)
  to   space 14848K, 0% used [0x000000077e800000,0x000000077e800000,0x000000077f680000)
 ParOldGen       total 129536K, used 18928K [0x00000006e0600000, 0x00000006e8480000, 0x0000000775780000)
  object space 129536K, 14% used [0x00000006e0600000,0x00000006e187c3b0,0x00000006e8480000)
 Metaspace       used 44684K, capacity 47140K, committed 47400K, reserved 1091584K
  class space    used 5672K, capacity 6098K, committed 6192K, reserved 1048576K
Event: 10.020 GC heap after
Heap after GC invocations=9 (full 2):
 PSYoungGen      total 162816K, used 13805K [0x0000000775780000, 0x0000000785800000, 0x00000007c0000000)
  eden space 147968K, 0% used [0x0000000775780000,0x0000000775780000,0x000000077e800000)
  from space 14848K, 92% used [0x000000077e800000,0x000000077f57b6a8,0x000000077f680000)
  to   space 16384K, 0% used [0x0000000784800000,0x0000000784800000,0x0000000785800000)
 ParOldGen       total 129536K, used 18936K [0x00000006e0600000, 0x00000006e8480000, 0x0000000775780000)
  object space 129536K, 14% used [0x00000006e0600000,0x00000006e187e3b0,0x00000006e8480000)
 Metaspace       used 44684K, capacity 47140K, committed 47400K, reserved 1091584K
  class space    used 5672K, capacity 6098K, committed 6192K, reserved 1048576K
}
Event: 23.969 GC heap before
{Heap before GC invocations=10 (full 2):
 PSYoungGen      total 162816K, used 161773K [0x0000000775780000, 0x0000000785800000, 0x00000007c0000000)
  eden space 147968K, 100% used [0x0000000775780000,0x000000077e800000,0x000000077e800000)
  from space 14848K, 92% used [0x000000077e800000,0x000000077f57b6a8,0x000000077f680000)
  to   space 16384K, 0% used [0x0000000784800000,0x0000000784800000,0x0000000785800000)
 ParOldGen       total 129536K, used 18936K [0x00000006e0600000, 0x00000006e8480000, 0x0000000775780000)
  object space 129536K, 14% used [0x00000006e0600000,0x00000006e187e3b0,0x00000006e8480000)
 Metaspace       used 54490K, capacity 58062K, committed 58408K, reserved 1099776K
  class space    used 7029K, capacity 7607K, committed 7728K, reserved 1048576K
Event: 23.987 GC heap after
Heap after GC invocations=10 (full 2):
 PSYoungGen      total 236544K, used 16382K [0x0000000775780000, 0x0000000785800000, 0x00000007c0000000)
  eden space 220160K, 0% used [0x0000000775780000,0x0000000775780000,0x0000000782e80000)
  from space 16384K, 99% used [0x0000000784800000,0x00000007857ff888,0x0000000785800000)
  to   space 20992K, 0% used [0x0000000782f00000,0x0000000782f00000,0x0000000784380000)
 ParOldGen       total 129536K, used 24342K [0x00000006e0600000, 0x00000006e8480000, 0x0000000775780000)
  object space 129536K, 18% used [0x00000006e0600000,0x00000006e1dc5b88,0x00000006e8480000)
 Metaspace       used 54490K, capacity 58062K, committed 58408K, reserved 1099776K
  class space    used 7029K, capacity 7607K, committed 7728K, reserved 1048576K
}
Event: 24.341 GC heap before
{Heap before GC invocations=11 (full 2):
 PSYoungGen      total 236544K, used 53063K [0x0000000775780000, 0x0000000785800000, 0x00000007c0000000)
  eden space 220160K, 16% used [0x0000000775780000,0x0000000777b526b0,0x0000000782e80000)
  from space 16384K, 99% used [0x0000000784800000,0x00000007857ff888,0x0000000785800000)
  to   space 20992K, 0% used [0x0000000782f00000,0x0000000782f00000,0x0000000784380000)
 ParOldGen       total 129536K, used 24342K [0x00000006e0600000, 0x00000006e8480000, 0x0000000775780000)
  object space 129536K, 18% used [0x00000006e0600000,0x00000006e1dc5b88,0x00000006e8480000)
 Metaspace       used 55259K, capacity 58922K, committed 59160K, reserved 1101824K
  class space    used 7111K, capacity 7699K, committed 7728K, reserved 1048576K
Event: 24.355 GC heap after
Heap after GC invocations=11 (full 2):
 PSYoungGen      total 241152K, used 17132K [0x0000000775780000, 0x0000000785800000, 0x00000007c0000000)
  eden space 220160K, 0% used [0x0000000775780000,0x0000000775780000,0x0000000782e80000)
  from space 20992K, 81% used [0x0000000782f00000,0x0000000783fbb0c8,0x0000000784380000)
  to   space 16384K, 0% used [0x0000000784800000,0x0000000784800000,0x0000000785800000)
 ParOldGen       total 129536K, used 24350K [0x00000006e0600000, 0x00000006e8480000, 0x0000000775780000)
  object space 129536K, 18% used [0x00000006e0600000,0x00000006e1dc7b88,0x00000006e8480000)
 Metaspace       used 55259K, capacity 58922K, committed 59160K, reserved 1101824K
  class space    used 7111K, capacity 7699K, committed 7728K, reserved 1048576K
}
Event: 24.356 GC heap before
{Heap before GC invocations=12 (full 3):
 PSYoungGen      total 241152K, used 17132K [0x0000000775780000, 0x0000000785800000, 0x00000007c0000000)
  eden space 220160K, 0% used [0x0000000775780000,0x0000000775780000,0x0000000782e80000)
  from space 20992K, 81% used [0x0000000782f00000,0x0000000783fbb0c8,0x0000000784380000)
  to   space 16384K, 0% used [0x0000000784800000,0x0000000784800000,0x0000000785800000)
 ParOldGen       total 129536K, used 24350K [0x00000006e0600000, 0x00000006e8480000, 0x0000000775780000)
  object space 129536K, 18% used [0x00000006e0600000,0x00000006e1dc7b88,0x00000006e8480000)
 Metaspace       used 55259K, capacity 58922K, committed 59160K, reserved 1101824K
  class space    used 7111K, capacity 7699K, committed 7728K, reserved 1048576K
Event: 24.481 GC heap after
Heap after GC invocations=12 (full 3):
 PSYoungGen      total 241152K, used 0K [0x0000000775780000, 0x0000000785800000, 0x00000007c0000000)
  eden space 220160K, 0% used [0x0000000775780000,0x0000000775780000,0x0000000782e80000)
  from space 20992K, 0% used [0x0000000782f00000,0x0000000782f00000,0x0000000784380000)
  to   space 16384K, 0% used [0x0000000784800000,0x0000000784800000,0x0000000785800000)
 ParOldGen       total 129536K, used 30297K [0x00000006e0600000, 0x00000006e8480000, 0x0000000775780000)
  object space 129536K, 23% used [0x00000006e0600000,0x00000006e23964a0,0x00000006e8480000)
 Metaspace       used 55259K, capacity 58922K, committed 59160K, reserved 1101824K
  class space    used 7111K, capacity 7699K, committed 7728K, reserved 1048576K
}

