# JRE version: OpenJDK Runtime Environment (8.0_275-b01) (build 1.8.0_275-b01)
# Java VM: OpenJDK 64-Bit Server VM (25.275-b01 mixed mode windows-amd64 compressed oops)
Heap:
 PSYoungGen      total 203264K, used 47318K [0x0000000775780000, 0x0000000783600000, 0x00000007c0000000)
  eden space 186880K, 16% used [0x0000000775780000,0x00000007775b60b8,0x0000000780e00000)
  from space 16384K, 99% used [0x0000000782500000,0x00000007834ff8f0,0x0000000783500000)
  to   space 20480K, 0% used [0x0000000780e00000,0x0000000780e00000,0x0000000782200000)
 ParOldGen       total 146432K, used 23694K [0x00000006e0600000, 0x00000006e9500000, 0x0000000775780000)
  object space 146432K, 16% used [0x00000006e0600000,0x00000006e1d23b40,0x00000006e9500000)
 Metaspace       used 54736K, capacity 58272K, committed 58584K, reserved 1099776K
  class space    used 7054K, capacity 7610K, committed 7680K, reserved 1048576K
GC Heap History (20 events):
Event: 1.380 GC heap before
{Heap before GC invocations=1 (full 0):
 PSYoungGen      total 67072K, used 57856K [0x0000000775780000, 0x000000077a200000, 0x00000007c0000000)
  eden space 57856K, 100% used [0x0000000775780000,0x0000000779000000,0x0000000779000000)
  from space 9216K, 0% used [0x0000000779900000,0x0000000779900000,0x000000077a200000)
  to   space 9216K, 0% used [0x0000000779000000,0x0000000779000000,0x0000000779900000)
 ParOldGen       total 153088K, used 0K [0x00000006e0600000, 0x00000006e9b80000, 0x0000000775780000)
  object space 153088K, 0% used [0x00000006e0600000,0x00000006e0600000,0x00000006e9b80000)
 Metaspace       used 13304K, capacity 13734K, committed 13952K, reserved 1060864K
  class space    used 1535K, capacity 1641K, committed 1664K, reserved 1048576K
Event: 1.388 GC heap after
Heap after GC invocations=1 (full 0):
 PSYoungGen      total 67072K, used 7261K [0x0000000775780000, 0x000000077a200000, 0x00000007c0000000)
  eden space 57856K, 0% used [0x0000000775780000,0x0000000775780000,0x0000000779000000)
  from space 9216K, 78% used [0x0000000779000000,0x0000000779717790,0x0000000779900000)
  to   space 9216K, 0% used [0x0000000779900000,0x0000000779900000,0x000000077a200000)
 ParOldGen       total 153088K, used 80K [0x00000006e0600000, 0x00000006e9b80000, 0x0000000775780000)
  object space 153088K, 0% used [0x00000006e0600000,0x00000006e0614010,0x00000006e9b80000)
 Metaspace       used 13304K, capacity 13734K, committed 13952K, reserved 1060864K
  class space    used 1535K, capacity 1641K, committed 1664K, reserved 1048576K
}
Event: 2.089 GC heap before
{Heap before GC invocations=2 (full 0):
 PSYoungGen      total 67072K, used 65117K [0x0000000775780000, 0x000000077a200000, 0x00000007c0000000)
  eden space 57856K, 100% used [0x0000000775780000,0x0000000779000000,0x0000000779000000)
  from space 9216K, 78% used [0x0000000779000000,0x0000000779717790,0x0000000779900000)
  to   space 9216K, 0% used [0x0000000779900000,0x0000000779900000,0x000000077a200000)
 ParOldGen       total 153088K, used 80K [0x00000006e0600000, 0x00000006e9b80000, 0x0000000775780000)
  object space 153088K, 0% used [0x00000006e0600000,0x00000006e0614010,0x00000006e9b80000)
 Metaspace       used 18912K, capacity 19488K, committed 19840K, reserved 1067008K
  class space    used 2233K, capacity 2352K, committed 2432K, reserved 1048576K
Event: 2.101 GC heap after
Heap after GC invocations=2 (full 0):
 PSYoungGen      total 67072K, used 9152K [0x0000000775780000, 0x000000077da80000, 0x00000007c0000000)
  eden space 57856K, 0% used [0x0000000775780000,0x0000000775780000,0x0000000779000000)
  from space 9216K, 99% used [0x0000000779900000,0x000000077a1f0300,0x000000077a200000)
  to   space 9216K, 0% used [0x0000000779000000,0x0000000779000000,0x0000000779900000)
 ParOldGen       total 153088K, used 88K [0x00000006e0600000, 0x00000006e9b80000, 0x0000000775780000)
  object space 153088K, 0% used [0x00000006e0600000,0x00000006e0616010,0x00000006e9b80000)
 Metaspace       used 18912K, capacity 19488K, committed 19840K, reserved 1067008K
  class space    used 2233K, capacity 2352K, committed 2432K, reserved 1048576K
}
Event: 2.254 GC heap before
{Heap before GC invocations=3 (full 0):
 PSYoungGen      total 67072K, used 27723K [0x0000000775780000, 0x000000077da80000, 0x00000007c0000000)
  eden space 57856K, 32% used [0x0000000775780000,0x00000007769a2c50,0x0000000779000000)
  from space 9216K, 99% used [0x0000000779900000,0x000000077a1f0300,0x000000077a200000)
  to   space 9216K, 0% used [0x0000000779000000,0x0000000779000000,0x0000000779900000)
 ParOldGen       total 153088K, used 88K [0x00000006e0600000, 0x00000006e9b80000, 0x0000000775780000)
  object space 153088K, 0% used [0x00000006e0600000,0x00000006e0616010,0x00000006e9b80000)
 Metaspace       used 20597K, capacity 21152K, committed 21248K, reserved 1069056K
  class space    used 2425K, capacity 2544K, committed 2560K, reserved 1048576K
Event: 2.260 GC heap after
Heap after GC invocations=3 (full 0):
 PSYoungGen      total 67072K, used 6667K [0x0000000775780000, 0x000000077da80000, 0x00000007c0000000)
  eden space 57856K, 0% used [0x0000000775780000,0x0000000775780000,0x0000000779000000)
  from space 9216K, 72% used [0x0000000779000000,0x0000000779682dc0,0x0000000779900000)
  to   space 9216K, 0% used [0x000000077d180000,0x000000077d180000,0x000000077da80000)
 ParOldGen       total 153088K, used 96K [0x00000006e0600000, 0x00000006e9b80000, 0x0000000775780000)
  object space 153088K, 0% used [0x00000006e0600000,0x00000006e0618010,0x00000006e9b80000)
 Metaspace       used 20597K, capacity 21152K, committed 21248K, reserved 1069056K
  class space    used 2425K, capacity 2544K, committed 2560K, reserved 1048576K
}
Event: 2.260 GC heap before
{Heap before GC invocations=4 (full 1):
 PSYoungGen      total 67072K, used 6667K [0x0000000775780000, 0x000000077da80000, 0x00000007c0000000)
  eden space 57856K, 0% used [0x0000000775780000,0x0000000775780000,0x0000000779000000)
  from space 9216K, 72% used [0x0000000779000000,0x0000000779682dc0,0x0000000779900000)
  to   space 9216K, 0% used [0x000000077d180000,0x000000077d180000,0x000000077da80000)
 ParOldGen       total 153088K, used 96K [0x00000006e0600000, 0x00000006e9b80000, 0x0000000775780000)
  object space 153088K, 0% used [0x00000006e0600000,0x00000006e0618010,0x00000006e9b80000)
 Metaspace       used 20597K, capacity 21152K, committed 21248K, reserved 1069056K
  class space    used 2425K, capacity 2544K, committed 2560K, reserved 1048576K
Event: 2.294 GC heap after
Heap after GC invocations=4 (full 1):
 PSYoungGen      total 67072K, used 0K [0x0000000775780000, 0x000000077da80000, 0x00000007c0000000)
  eden space 57856K, 0% used [0x0000000775780000,0x0000000775780000,0x0000000779000000)
  from space 9216K, 0% used [0x0000000779000000,0x0000000779000000,0x0000000779900000)
  to   space 9216K, 0% used [0x000000077d180000,0x000000077d180000,0x000000077da80000)
 ParOldGen       total 88576K, used 6463K [0x00000006e0600000, 0x00000006e5c80000, 0x0000000775780000)
  object space 88576K, 7% used [0x00000006e0600000,0x00000006e0c4fee8,0x00000006e5c80000)
 Metaspace       used 20597K, capacity 21152K, committed 21248K, reserved 1069056K
  class space    used 2425K, capacity 2544K, committed 2560K, reserved 1048576K
}
Event: 3.395 GC heap before
{Heap before GC invocations=5 (full 1):
 PSYoungGen      total 67072K, used 57856K [0x0000000775780000, 0x000000077da80000, 0x00000007c0000000)
  eden space 57856K, 100% used [0x0000000775780000,0x0000000779000000,0x0000000779000000)
  from space 9216K, 0% used [0x0000000779000000,0x0000000779000000,0x0000000779900000)
  to   space 9216K, 0% used [0x000000077d180000,0x000000077d180000,0x000000077da80000)
 ParOldGen       total 88576K, used 6463K [0x00000006e0600000, 0x00000006e5c80000, 0x0000000775780000)
  object space 88576K, 7% used [0x00000006e0600000,0x00000006e0c4fee8,0x00000006e5c80000)
 Metaspace       used 24185K, capacity 24988K, committed 25216K, reserved 1071104K
  class space    used 2878K, capacity 3074K, committed 3200K, reserved 1048576K
Event: 3.406 GC heap after
Heap after GC invocations=5 (full 1):
 PSYoungGen      total 96256K, used 5899K [0x0000000775780000, 0x000000077d780000, 0x00000007c0000000)
  eden space 90112K, 0% used [0x0000000775780000,0x0000000775780000,0x000000077af80000)
  from space 6144K, 96% used [0x000000077d180000,0x000000077d742f20,0x000000077d780000)
  to   space 9216K, 0% used [0x000000077c580000,0x000000077c580000,0x000000077ce80000)
 ParOldGen       total 88576K, used 6471K [0x00000006e0600000, 0x00000006e5c80000, 0x0000000775780000)
  object space 88576K, 7% used [0x00000006e0600000,0x00000006e0c51ee8,0x00000006e5c80000)
 Metaspace       used 24185K, capacity 24988K, committed 25216K, reserved 1071104K
  class space    used 2878K, capacity 3074K, committed 3200K, reserved 1048576K
}
Event: 4.216 GC heap before
{Heap before GC invocations=6 (full 1):
 PSYoungGen      total 96256K, used 96011K [0x0000000775780000, 0x000000077d780000, 0x00000007c0000000)
  eden space 90112K, 100% used [0x0000000775780000,0x000000077af80000,0x000000077af80000)
  from space 6144K, 96% used [0x000000077d180000,0x000000077d742f20,0x000000077d780000)
  to   space 9216K, 0% used [0x000000077c580000,0x000000077c580000,0x000000077ce80000)
 ParOldGen       total 88576K, used 6471K [0x00000006e0600000, 0x00000006e5c80000, 0x0000000775780000)
  object space 88576K, 7% used [0x00000006e0600000,0x00000006e0c51ee8,0x00000006e5c80000)
 Metaspace       used 26768K, capacity 27680K, committed 27776K, reserved 1073152K
  class space    used 3210K, capacity 3422K, committed 3456K, reserved 1048576K
Event: 4.225 GC heap after
Heap after GC invocations=6 (full 1):
 PSYoungGen      total 121856K, used 9204K [0x0000000775780000, 0x000000077f500000, 0x00000007c0000000)
  eden space 112640K, 0% used [0x0000000775780000,0x0000000775780000,0x000000077c580000)
  from space 9216K, 99% used [0x000000077c580000,0x000000077ce7d378,0x000000077ce80000)
  to   space 11776K, 0% used [0x000000077e980000,0x000000077e980000,0x000000077f500000)
 ParOldGen       total 88576K, used 8078K [0x00000006e0600000, 0x00000006e5c80000, 0x0000000775780000)
  object space 88576K, 9% used [0x00000006e0600000,0x00000006e0de3b38,0x00000006e5c80000)
 Metaspace       used 26768K, capacity 27680K, committed 27776K, reserved 1073152K
  class space    used 3210K, capacity 3422K, committed 3456K, reserved 1048576K
}
Event: 6.079 GC heap before
{Heap before GC invocations=7 (full 1):
 PSYoungGen      total 121856K, used 117548K [0x0000000775780000, 0x000000077f500000, 0x00000007c0000000)
  eden space 112640K, 96% used [0x0000000775780000,0x000000077c14dfa0,0x000000077c580000)
  from space 9216K, 99% used [0x000000077c580000,0x000000077ce7d378,0x000000077ce80000)
  to   space 11776K, 0% used [0x000000077e980000,0x000000077e980000,0x000000077f500000)
 ParOldGen       total 88576K, used 8078K [0x00000006e0600000, 0x00000006e5c80000, 0x0000000775780000)
  object space 88576K, 9% used [0x00000006e0600000,0x00000006e0de3b38,0x00000006e5c80000)
 Metaspace       used 33539K, capacity 35282K, committed 35416K, reserved 1081344K
  class space    used 4186K, capacity 4475K, committed 4480K, reserved 1048576K
Event: 6.093 GC heap after
Heap after GC invocations=7 (full 1):
 PSYoungGen      total 146432K, used 11753K [0x0000000775780000, 0x0000000781900000, 0x00000007c0000000)
  eden space 134656K, 0% used [0x0000000775780000,0x0000000775780000,0x000000077db00000)
  from space 11776K, 99% used [0x000000077e980000,0x000000077f4fa408,0x000000077f500000)
  to   space 14848K, 0% used [0x000000077db00000,0x000000077db00000,0x000000077e980000)
 ParOldGen       total 88576K, used 10984K [0x00000006e0600000, 0x00000006e5c80000, 0x0000000775780000)
  object space 88576K, 12% used [0x00000006e0600000,0x00000006e10ba140,0x00000006e5c80000)
 Metaspace       used 33539K, capacity 35282K, committed 35416K, reserved 1081344K
  class space    used 4186K, capacity 4475K, committed 4480K, reserved 1048576K
}
Event: 6.093 GC heap before
{Heap before GC invocations=8 (full 2):
 PSYoungGen      total 146432K, used 11753K [0x0000000775780000, 0x0000000781900000, 0x00000007c0000000)
  eden space 134656K, 0% used [0x0000000775780000,0x0000000775780000,0x000000077db00000)
  from space 11776K, 99% used [0x000000077e980000,0x000000077f4fa408,0x000000077f500000)
  to   space 14848K, 0% used [0x000000077db00000,0x000000077db00000,0x000000077e980000)
 ParOldGen       total 88576K, used 10984K [0x00000006e0600000, 0x00000006e5c80000, 0x0000000775780000)
  object space 88576K, 12% used [0x00000006e0600000,0x00000006e10ba140,0x00000006e5c80000)
 Metaspace       used 33539K, capacity 35282K, committed 35416K, reserved 1081344K
  class space    used 4186K, capacity 4475K, committed 4480K, reserved 1048576K
Event: 6.154 GC heap after
Heap after GC invocations=8 (full 2):
 PSYoungGen      total 146432K, used 0K [0x0000000775780000, 0x0000000781900000, 0x00000007c0000000)
  eden space 134656K, 0% used [0x0000000775780000,0x0000000775780000,0x000000077db00000)
  from space 11776K, 0% used [0x000000077e980000,0x000000077e980000,0x000000077f500000)
  to   space 14848K, 0% used [0x000000077db00000,0x000000077db00000,0x000000077e980000)
 ParOldGen       total 146432K, used 19215K [0x00000006e0600000, 0x00000006e9500000, 0x0000000775780000)
  object space 146432K, 13% used [0x00000006e0600000,0x00000006e18c3ec0,0x00000006e9500000)
 Metaspace       used 33539K, capacity 35282K, committed 35416K, reserved 1081344K
  class space    used 4186K, capacity 4475K, committed 4480K, reserved 1048576K
}
Event: 8.437 GC heap before
{Heap before GC invocations=9 (full 2):
 PSYoungGen      total 146432K, used 134656K [0x0000000775780000, 0x0000000781900000, 0x00000007c0000000)
  eden space 134656K, 100% used [0x0000000775780000,0x000000077db00000,0x000000077db00000)
  from space 11776K, 0% used [0x000000077e980000,0x000000077e980000,0x000000077f500000)
  to   space 14848K, 0% used [0x000000077db00000,0x000000077db00000,0x000000077e980000)
 ParOldGen       total 146432K, used 19215K [0x00000006e0600000, 0x00000006e9500000, 0x0000000775780000)
  object space 146432K, 13% used [0x00000006e0600000,0x00000006e18c3ec0,0x00000006e9500000)
 Metaspace       used 43792K, capacity 46182K, committed 46424K, reserved 1089536K
  class space    used 5503K, capacity 5901K, committed 6016K, reserved 1048576K
Event: 8.449 GC heap after
Heap after GC invocations=9 (full 2):
 PSYoungGen      total 149504K, used 12718K [0x0000000775780000, 0x0000000783500000, 0x00000007c0000000)
  eden space 134656K, 0% used [0x0000000775780000,0x0000000775780000,0x000000077db00000)
  from space 14848K, 85% used [0x000000077db00000,0x000000077e76bb60,0x000000077e980000)
  to   space 16384K, 0% used [0x0000000782500000,0x0000000782500000,0x0000000783500000)
 ParOldGen       total 146432K, used 19223K [0x00000006e0600000, 0x00000006e9500000, 0x0000000775780000)
  object space 146432K, 13% used [0x00000006e0600000,0x00000006e18c5ec0,0x00000006e9500000)
 Metaspace       used 43792K, capacity 46182K, committed 46424K, reserved 1089536K
  class space    used 5503K, capacity 5901K, committed 6016K, reserved 1048576K
}
Event: 22.167 GC heap before
{Heap before GC invocations=10 (full 2):
 PSYoungGen      total 149504K, used 147374K [0x0000000775780000, 0x0000000783500000, 0x00000007c0000000)
  eden space 134656K, 100% used [0x0000000775780000,0x000000077db00000,0x000000077db00000)
  from space 14848K, 85% used [0x000000077db00000,0x000000077e76bb60,0x000000077e980000)
  to   space 16384K, 0% used [0x0000000782500000,0x0000000782500000,0x0000000783500000)
 ParOldGen       total 146432K, used 19223K [0x00000006e0600000, 0x00000006e9500000, 0x0000000775780000)
  object space 146432K, 13% used [0x00000006e0600000,0x00000006e18c5ec0,0x00000006e9500000)
 Metaspace       used 53257K, capacity 56382K, committed 56536K, reserved 1097728K
  class space    used 6826K, capacity 7351K, committed 7424K, reserved 1048576K
Event: 22.201 GC heap after
Heap after GC invocations=10 (full 2):
 PSYoungGen      total 203264K, used 16382K [0x0000000775780000, 0x0000000783600000, 0x00000007c0000000)
  eden space 186880K, 0% used [0x0000000775780000,0x0000000775780000,0x0000000780e00000)
  from space 16384K, 99% used [0x0000000782500000,0x00000007834ff8f0,0x0000000783500000)
  to   space 20480K, 0% used [0x0000000780e00000,0x0000000780e00000,0x0000000782200000)
 ParOldGen       total 146432K, used 23694K [0x00000006e0600000, 0x00000006e9500000, 0x0000000775780000)
  object space 146432K, 16% used [0x00000006e0600000,0x00000006e1d23b40,0x00000006e9500000)
 Metaspace       used 53257K, capacity 56382K, committed 56536K, reserved 1097728K
  class space    used 6826K, capacity 7351K, committed 7424K, reserved 1048576K
}

