# JRE version: OpenJDK Runtime Environment (8.0_275-b01) (build 1.8.0_275-b01)
# Java VM: OpenJDK 64-Bit Server VM (25.275-b01 mixed mode windows-amd64 compressed oops)
Heap:
 PSYoungGen      total 192512K, used 162826K [0x0000000775780000, 0x0000000785300000, 0x00000007c0000000)
  eden space 173056K, 94% used [0x0000000775780000,0x000000077f682990,0x0000000780080000)
  from space 19456K, 0% used [0x0000000780080000,0x0000000780080000,0x0000000781380000)
  to   space 22016K, 0% used [0x0000000783d80000,0x0000000783d80000,0x0000000785300000)
 ParOldGen       total 151040K, used 31901K [0x00000006e0600000, 0x00000006e9980000, 0x0000000775780000)
  object space 151040K, 21% used [0x00000006e0600000,0x00000006e2527590,0x00000006e9980000)
 Metaspace       used 61720K, capacity 66060K, committed 66392K, reserved 1107968K
  class space    used 8040K, capacity 8714K, committed 8832K, reserved 1048576K
GC Heap History (24 events):
Event: 1.478 GC heap before
{Heap before GC invocations=1 (full 0):
 PSYoungGen      total 67072K, used 57856K [0x0000000775780000, 0x000000077a200000, 0x00000007c0000000)
  eden space 57856K, 100% used [0x0000000775780000,0x0000000779000000,0x0000000779000000)
  from space 9216K, 0% used [0x0000000779900000,0x0000000779900000,0x000000077a200000)
  to   space 9216K, 0% used [0x0000000779000000,0x0000000779000000,0x0000000779900000)
 ParOldGen       total 153088K, used 0K [0x00000006e0600000, 0x00000006e9b80000, 0x0000000775780000)
  object space 153088K, 0% used [0x00000006e0600000,0x00000006e0600000,0x00000006e9b80000)
 Metaspace       used 13296K, capacity 13734K, committed 13952K, reserved 1060864K
  class space    used 1535K, capacity 1641K, committed 1664K, reserved 1048576K
Event: 1.485 GC heap after
Heap after GC invocations=1 (full 0):
 PSYoungGen      total 67072K, used 7283K [0x0000000775780000, 0x000000077a200000, 0x00000007c0000000)
  eden space 57856K, 0% used [0x0000000775780000,0x0000000775780000,0x0000000779000000)
  from space 9216K, 79% used [0x0000000779000000,0x000000077971ccd0,0x0000000779900000)
  to   space 9216K, 0% used [0x0000000779900000,0x0000000779900000,0x000000077a200000)
 ParOldGen       total 153088K, used 80K [0x00000006e0600000, 0x00000006e9b80000, 0x0000000775780000)
  object space 153088K, 0% used [0x00000006e0600000,0x00000006e0614010,0x00000006e9b80000)
 Metaspace       used 13296K, capacity 13734K, committed 13952K, reserved 1060864K
  class space    used 1535K, capacity 1641K, committed 1664K, reserved 1048576K
}
Event: 2.064 GC heap before
{Heap before GC invocations=2 (full 0):
 PSYoungGen      total 67072K, used 65139K [0x0000000775780000, 0x000000077a200000, 0x00000007c0000000)
  eden space 57856K, 100% used [0x0000000775780000,0x0000000779000000,0x0000000779000000)
  from space 9216K, 79% used [0x0000000779000000,0x000000077971ccd0,0x0000000779900000)
  to   space 9216K, 0% used [0x0000000779900000,0x0000000779900000,0x000000077a200000)
 ParOldGen       total 153088K, used 80K [0x00000006e0600000, 0x00000006e9b80000, 0x0000000775780000)
  object space 153088K, 0% used [0x00000006e0600000,0x00000006e0614010,0x00000006e9b80000)
 Metaspace       used 18908K, capacity 19484K, committed 19840K, reserved 1067008K
  class space    used 2233K, capacity 2352K, committed 2432K, reserved 1048576K
Event: 2.074 GC heap after
Heap after GC invocations=2 (full 0):
 PSYoungGen      total 67072K, used 9088K [0x0000000775780000, 0x000000077da80000, 0x00000007c0000000)
  eden space 57856K, 0% used [0x0000000775780000,0x0000000775780000,0x0000000779000000)
  from space 9216K, 98% used [0x0000000779900000,0x000000077a1e0300,0x000000077a200000)
  to   space 9216K, 0% used [0x0000000779000000,0x0000000779000000,0x0000000779900000)
 ParOldGen       total 153088K, used 88K [0x00000006e0600000, 0x00000006e9b80000, 0x0000000775780000)
  object space 153088K, 0% used [0x00000006e0600000,0x00000006e0616010,0x00000006e9b80000)
 Metaspace       used 18908K, capacity 19484K, committed 19840K, reserved 1067008K
  class space    used 2233K, capacity 2352K, committed 2432K, reserved 1048576K
}
Event: 2.213 GC heap before
{Heap before GC invocations=3 (full 0):
 PSYoungGen      total 67072K, used 28623K [0x0000000775780000, 0x000000077da80000, 0x00000007c0000000)
  eden space 57856K, 33% used [0x0000000775780000,0x0000000776a93950,0x0000000779000000)
  from space 9216K, 98% used [0x0000000779900000,0x000000077a1e0300,0x000000077a200000)
  to   space 9216K, 0% used [0x0000000779000000,0x0000000779000000,0x0000000779900000)
 ParOldGen       total 153088K, used 88K [0x00000006e0600000, 0x00000006e9b80000, 0x0000000775780000)
  object space 153088K, 0% used [0x00000006e0600000,0x00000006e0616010,0x00000006e9b80000)
 Metaspace       used 20597K, capacity 21148K, committed 21248K, reserved 1069056K
  class space    used 2428K, capacity 2544K, committed 2560K, reserved 1048576K
Event: 2.219 GC heap after
Heap after GC invocations=3 (full 0):
 PSYoungGen      total 67072K, used 6752K [0x0000000775780000, 0x000000077da80000, 0x00000007c0000000)
  eden space 57856K, 0% used [0x0000000775780000,0x0000000775780000,0x0000000779000000)
  from space 9216K, 73% used [0x0000000779000000,0x0000000779698348,0x0000000779900000)
  to   space 9216K, 0% used [0x000000077d180000,0x000000077d180000,0x000000077da80000)
 ParOldGen       total 153088K, used 96K [0x00000006e0600000, 0x00000006e9b80000, 0x0000000775780000)
  object space 153088K, 0% used [0x00000006e0600000,0x00000006e0618010,0x00000006e9b80000)
 Metaspace       used 20597K, capacity 21148K, committed 21248K, reserved 1069056K
  class space    used 2428K, capacity 2544K, committed 2560K, reserved 1048576K
}
Event: 2.219 GC heap before
{Heap before GC invocations=4 (full 1):
 PSYoungGen      total 67072K, used 6752K [0x0000000775780000, 0x000000077da80000, 0x00000007c0000000)
  eden space 57856K, 0% used [0x0000000775780000,0x0000000775780000,0x0000000779000000)
  from space 9216K, 73% used [0x0000000779000000,0x0000000779698348,0x0000000779900000)
  to   space 9216K, 0% used [0x000000077d180000,0x000000077d180000,0x000000077da80000)
 ParOldGen       total 153088K, used 96K [0x00000006e0600000, 0x00000006e9b80000, 0x0000000775780000)
  object space 153088K, 0% used [0x00000006e0600000,0x00000006e0618010,0x00000006e9b80000)
 Metaspace       used 20597K, capacity 21148K, committed 21248K, reserved 1069056K
  class space    used 2428K, capacity 2544K, committed 2560K, reserved 1048576K
Event: 2.254 GC heap after
Heap after GC invocations=4 (full 1):
 PSYoungGen      total 67072K, used 0K [0x0000000775780000, 0x000000077da80000, 0x00000007c0000000)
  eden space 57856K, 0% used [0x0000000775780000,0x0000000775780000,0x0000000779000000)
  from space 9216K, 0% used [0x0000000779000000,0x0000000779000000,0x0000000779900000)
  to   space 9216K, 0% used [0x000000077d180000,0x000000077d180000,0x000000077da80000)
 ParOldGen       total 90112K, used 6527K [0x00000006e0600000, 0x00000006e5e00000, 0x0000000775780000)
  object space 90112K, 7% used [0x00000006e0600000,0x00000006e0c5ff18,0x00000006e5e00000)
 Metaspace       used 20597K, capacity 21148K, committed 21248K, reserved 1069056K
  class space    used 2428K, capacity 2544K, committed 2560K, reserved 1048576K
}
Event: 3.260 GC heap before
{Heap before GC invocations=5 (full 1):
 PSYoungGen      total 67072K, used 57856K [0x0000000775780000, 0x000000077da80000, 0x00000007c0000000)
  eden space 57856K, 100% used [0x0000000775780000,0x0000000779000000,0x0000000779000000)
  from space 9216K, 0% used [0x0000000779000000,0x0000000779000000,0x0000000779900000)
  to   space 9216K, 0% used [0x000000077d180000,0x000000077d180000,0x000000077da80000)
 ParOldGen       total 90112K, used 6527K [0x00000006e0600000, 0x00000006e5e00000, 0x0000000775780000)
  object space 90112K, 7% used [0x00000006e0600000,0x00000006e0c5ff18,0x00000006e5e00000)
 Metaspace       used 24174K, capacity 24988K, committed 25216K, reserved 1071104K
  class space    used 2873K, capacity 3074K, committed 3200K, reserved 1048576K
Event: 3.266 GC heap after
Heap after GC invocations=5 (full 1):
 PSYoungGen      total 93696K, used 5960K [0x0000000775780000, 0x000000077d780000, 0x00000007c0000000)
  eden space 87552K, 0% used [0x0000000775780000,0x0000000775780000,0x000000077ad00000)
  from space 6144K, 97% used [0x000000077d180000,0x000000077d7522a0,0x000000077d780000)
  to   space 9216K, 0% used [0x000000077c580000,0x000000077c580000,0x000000077ce80000)
 ParOldGen       total 90112K, used 6535K [0x00000006e0600000, 0x00000006e5e00000, 0x0000000775780000)
  object space 90112K, 7% used [0x00000006e0600000,0x00000006e0c61f18,0x00000006e5e00000)
 Metaspace       used 24174K, capacity 24988K, committed 25216K, reserved 1071104K
  class space    used 2873K, capacity 3074K, committed 3200K, reserved 1048576K
}
Event: 4.106 GC heap before
{Heap before GC invocations=6 (full 1):
 PSYoungGen      total 93696K, used 93512K [0x0000000775780000, 0x000000077d780000, 0x00000007c0000000)
  eden space 87552K, 100% used [0x0000000775780000,0x000000077ad00000,0x000000077ad00000)
  from space 6144K, 97% used [0x000000077d180000,0x000000077d7522a0,0x000000077d780000)
  to   space 9216K, 0% used [0x000000077c580000,0x000000077c580000,0x000000077ce80000)
 ParOldGen       total 90112K, used 6535K [0x00000006e0600000, 0x00000006e5e00000, 0x0000000775780000)
  object space 90112K, 7% used [0x00000006e0600000,0x00000006e0c61f18,0x00000006e5e00000)
 Metaspace       used 26692K, capacity 27588K, committed 27776K, reserved 1073152K
  class space    used 3199K, capacity 3390K, committed 3456K, reserved 1048576K
Event: 4.114 GC heap after
Heap after GC invocations=6 (full 1):
 PSYoungGen      total 121856K, used 9207K [0x0000000775780000, 0x000000077ed80000, 0x00000007c0000000)
  eden space 112640K, 0% used [0x0000000775780000,0x0000000775780000,0x000000077c580000)
  from space 9216K, 99% used [0x000000077c580000,0x000000077ce7ddb8,0x000000077ce80000)
  to   space 11776K, 0% used [0x000000077e200000,0x000000077e200000,0x000000077ed80000)
 ParOldGen       total 90112K, used 7972K [0x00000006e0600000, 0x00000006e5e00000, 0x0000000775780000)
  object space 90112K, 8% used [0x00000006e0600000,0x00000006e0dc9310,0x00000006e5e00000)
 Metaspace       used 26692K, capacity 27588K, committed 27776K, reserved 1073152K
  class space    used 3199K, capacity 3390K, committed 3456K, reserved 1048576K
}
Event: 5.924 GC heap before
{Heap before GC invocations=7 (full 1):
 PSYoungGen      total 121856K, used 120075K [0x0000000775780000, 0x000000077ed80000, 0x00000007c0000000)
  eden space 112640K, 98% used [0x0000000775780000,0x000000077c3c51d0,0x000000077c580000)
  from space 9216K, 99% used [0x000000077c580000,0x000000077ce7ddb8,0x000000077ce80000)
  to   space 11776K, 0% used [0x000000077e200000,0x000000077e200000,0x000000077ed80000)
 ParOldGen       total 90112K, used 7972K [0x00000006e0600000, 0x00000006e5e00000, 0x0000000775780000)
  object space 90112K, 8% used [0x00000006e0600000,0x00000006e0dc9310,0x00000006e5e00000)
 Metaspace       used 33545K, capacity 35342K, committed 35416K, reserved 1081344K
  class space    used 4186K, capacity 4475K, committed 4480K, reserved 1048576K
Event: 5.942 GC heap after
Heap after GC invocations=7 (full 1):
 PSYoungGen      total 138752K, used 11748K [0x0000000775780000, 0x0000000781580000, 0x00000007c0000000)
  eden space 126976K, 0% used [0x0000000775780000,0x0000000775780000,0x000000077d380000)
  from space 11776K, 99% used [0x000000077e200000,0x000000077ed791d8,0x000000077ed80000)
  to   space 14848K, 0% used [0x000000077d380000,0x000000077d380000,0x000000077e200000)
 ParOldGen       total 90112K, used 10938K [0x00000006e0600000, 0x00000006e5e00000, 0x0000000775780000)
  object space 90112K, 12% used [0x00000006e0600000,0x00000006e10aea20,0x00000006e5e00000)
 Metaspace       used 33545K, capacity 35342K, committed 35416K, reserved 1081344K
  class space    used 4186K, capacity 4475K, committed 4480K, reserved 1048576K
}
Event: 5.942 GC heap before
{Heap before GC invocations=8 (full 2):
 PSYoungGen      total 138752K, used 11748K [0x0000000775780000, 0x0000000781580000, 0x00000007c0000000)
  eden space 126976K, 0% used [0x0000000775780000,0x0000000775780000,0x000000077d380000)
  from space 11776K, 99% used [0x000000077e200000,0x000000077ed791d8,0x000000077ed80000)
  to   space 14848K, 0% used [0x000000077d380000,0x000000077d380000,0x000000077e200000)
 ParOldGen       total 90112K, used 10938K [0x00000006e0600000, 0x00000006e5e00000, 0x0000000775780000)
  object space 90112K, 12% used [0x00000006e0600000,0x00000006e10aea20,0x00000006e5e00000)
 Metaspace       used 33545K, capacity 35342K, committed 35416K, reserved 1081344K
  class space    used 4186K, capacity 4475K, committed 4480K, reserved 1048576K
Event: 6.000 GC heap after
Heap after GC invocations=8 (full 2):
 PSYoungGen      total 138752K, used 0K [0x0000000775780000, 0x0000000781580000, 0x00000007c0000000)
  eden space 126976K, 0% used [0x0000000775780000,0x0000000775780000,0x000000077d380000)
  from space 11776K, 0% used [0x000000077e200000,0x000000077e200000,0x000000077ed80000)
  to   space 14848K, 0% used [0x000000077d380000,0x000000077d380000,0x000000077e200000)
 ParOldGen       total 151040K, used 19366K [0x00000006e0600000, 0x00000006e9980000, 0x0000000775780000)
  object space 151040K, 12% used [0x00000006e0600000,0x00000006e18e9820,0x00000006e9980000)
 Metaspace       used 33545K, capacity 35342K, committed 35416K, reserved 1081344K
  class space    used 4186K, capacity 4475K, committed 4480K, reserved 1048576K
}
Event: 8.177 GC heap before
{Heap before GC invocations=9 (full 2):
 PSYoungGen      total 138752K, used 126976K [0x0000000775780000, 0x0000000781580000, 0x00000007c0000000)
  eden space 126976K, 100% used [0x0000000775780000,0x000000077d380000,0x000000077d380000)
  from space 11776K, 0% used [0x000000077e200000,0x000000077e200000,0x000000077ed80000)
  to   space 14848K, 0% used [0x000000077d380000,0x000000077d380000,0x000000077e200000)
 ParOldGen       total 151040K, used 19366K [0x00000006e0600000, 0x00000006e9980000, 0x0000000775780000)
  object space 151040K, 12% used [0x00000006e0600000,0x00000006e18e9820,0x00000006e9980000)
 Metaspace       used 42633K, capacity 45024K, committed 45272K, reserved 1089536K
  class space    used 5399K, capacity 5772K, committed 5888K, reserved 1048576K
Event: 8.188 GC heap after
Heap after GC invocations=9 (full 2):
 PSYoungGen      total 141824K, used 11413K [0x0000000775780000, 0x0000000782580000, 0x00000007c0000000)
  eden space 126976K, 0% used [0x0000000775780000,0x0000000775780000,0x000000077d380000)
  from space 14848K, 76% used [0x000000077d380000,0x000000077dea5408,0x000000077e200000)
  to   space 15360K, 0% used [0x0000000781680000,0x0000000781680000,0x0000000782580000)
 ParOldGen       total 151040K, used 19374K [0x00000006e0600000, 0x00000006e9980000, 0x0000000775780000)
  object space 151040K, 12% used [0x00000006e0600000,0x00000006e18eb820,0x00000006e9980000)
 Metaspace       used 42633K, capacity 45024K, committed 45272K, reserved 1089536K
  class space    used 5399K, capacity 5772K, committed 5888K, reserved 1048576K
}
Event: 21.598 GC heap before
{Heap before GC invocations=10 (full 2):
 PSYoungGen      total 141824K, used 138389K [0x0000000775780000, 0x0000000782580000, 0x00000007c0000000)
  eden space 126976K, 100% used [0x0000000775780000,0x000000077d380000,0x000000077d380000)
  from space 14848K, 76% used [0x000000077d380000,0x000000077dea5408,0x000000077e200000)
  to   space 15360K, 0% used [0x0000000781680000,0x0000000781680000,0x0000000782580000)
 ParOldGen       total 151040K, used 19374K [0x00000006e0600000, 0x00000006e9980000, 0x0000000775780000)
  object space 151040K, 12% used [0x00000006e0600000,0x00000006e18eb820,0x00000006e9980000)
 Metaspace       used 52014K, capacity 54950K, committed 55000K, reserved 1097728K
  class space    used 6618K, capacity 7121K, committed 7168K, reserved 1048576K
Event: 21.616 GC heap after
Heap after GC invocations=10 (full 2):
 PSYoungGen      total 188416K, used 15348K [0x0000000775780000, 0x0000000782680000, 0x00000007c0000000)
  eden space 173056K, 0% used [0x0000000775780000,0x0000000775780000,0x0000000780080000)
  from space 15360K, 99% used [0x0000000781680000,0x000000078257d188,0x0000000782580000)
  to   space 19456K, 0% used [0x0000000780080000,0x0000000780080000,0x0000000781380000)
 ParOldGen       total 151040K, used 24246K [0x00000006e0600000, 0x00000006e9980000, 0x0000000775780000)
  object space 151040K, 16% used [0x00000006e0600000,0x00000006e1dadad8,0x00000006e9980000)
 Metaspace       used 52014K, capacity 54950K, committed 55000K, reserved 1097728K
  class space    used 6618K, capacity 7121K, committed 7168K, reserved 1048576K
}
Event: 23.291 GC heap before
{Heap before GC invocations=11 (full 2):
 PSYoungGen      total 188416K, used 87930K [0x0000000775780000, 0x0000000782680000, 0x00000007c0000000)
  eden space 173056K, 41% used [0x0000000775780000,0x0000000779e619c0,0x0000000780080000)
  from space 15360K, 99% used [0x0000000781680000,0x000000078257d188,0x0000000782580000)
  to   space 19456K, 0% used [0x0000000780080000,0x0000000780080000,0x0000000781380000)
 ParOldGen       total 151040K, used 24246K [0x00000006e0600000, 0x00000006e9980000, 0x0000000775780000)
  object space 151040K, 16% used [0x00000006e0600000,0x00000006e1dadad8,0x00000006e9980000)
 Metaspace       used 55281K, capacity 58888K, committed 59028K, reserved 1101824K
  class space    used 7107K, capacity 7666K, committed 7680K, reserved 1048576K
Event: 23.313 GC heap after
Heap after GC invocations=11 (full 2):
 PSYoungGen      total 192512K, used 18834K [0x0000000775780000, 0x0000000785300000, 0x00000007c0000000)
  eden space 173056K, 0% used [0x0000000775780000,0x0000000775780000,0x0000000780080000)
  from space 19456K, 96% used [0x0000000780080000,0x00000007812e4b20,0x0000000781380000)
  to   space 22016K, 0% used [0x0000000783d80000,0x0000000783d80000,0x0000000785300000)
 ParOldGen       total 151040K, used 24254K [0x00000006e0600000, 0x00000006e9980000, 0x0000000775780000)
  object space 151040K, 16% used [0x00000006e0600000,0x00000006e1dafad8,0x00000006e9980000)
 Metaspace       used 55281K, capacity 58888K, committed 59028K, reserved 1101824K
  class space    used 7107K, capacity 7666K, committed 7680K, reserved 1048576K
}
Event: 23.313 GC heap before
{Heap before GC invocations=12 (full 3):
 PSYoungGen      total 192512K, used 18834K [0x0000000775780000, 0x0000000785300000, 0x00000007c0000000)
  eden space 173056K, 0% used [0x0000000775780000,0x0000000775780000,0x0000000780080000)
  from space 19456K, 96% used [0x0000000780080000,0x00000007812e4b20,0x0000000781380000)
  to   space 22016K, 0% used [0x0000000783d80000,0x0000000783d80000,0x0000000785300000)
 ParOldGen       total 151040K, used 24254K [0x00000006e0600000, 0x00000006e9980000, 0x0000000775780000)
  object space 151040K, 16% used [0x00000006e0600000,0x00000006e1dafad8,0x00000006e9980000)
 Metaspace       used 55281K, capacity 58888K, committed 59028K, reserved 1101824K
  class space    used 7107K, capacity 7666K, committed 7680K, reserved 1048576K
Event: 23.450 GC heap after
Heap after GC invocations=12 (full 3):
 PSYoungGen      total 192512K, used 0K [0x0000000775780000, 0x0000000785300000, 0x00000007c0000000)
  eden space 173056K, 0% used [0x0000000775780000,0x0000000775780000,0x0000000780080000)
  from space 19456K, 0% used [0x0000000780080000,0x0000000780080000,0x0000000781380000)
  to   space 22016K, 0% used [0x0000000783d80000,0x0000000783d80000,0x0000000785300000)
 ParOldGen       total 151040K, used 31901K [0x00000006e0600000, 0x00000006e9980000, 0x0000000775780000)
  object space 151040K, 21% used [0x00000006e0600000,0x00000006e2527590,0x00000006e9980000)
 Metaspace       used 55281K, capacity 58888K, committed 59028K, reserved 1101824K
  class space    used 7107K, capacity 7666K, committed 7680K, reserved 1048576K
}

